::1 - - [21/Jul/2020:15:27:21 +0000] "GET / HTTP/1.1" 200 - "-" "Mozilla/5.0 (Macintosh; Intel Mac OS X 10_15_6) AppleWebKit/537.36 (KHTML, like Gecko) Chrome/84.0.4147.89 Safari/537.36"
::1 - - [21/Jul/2020:15:27:21 +0000] "GET /css/product.css HTTP/1.1" 200 353 "http://localhost:3000/" "Mozilla/5.0 (Macintosh; Intel Mac OS X 10_15_6) AppleWebKit/537.36 (KHTML, like Gecko) Chrome/84.0.4147.89 Safari/537.36"
::1 - - [21/Jul/2020:15:27:21 +0000] "GET /css/main.css HTTP/1.1" 200 - "http://localhost:3000/" "Mozilla/5.0 (Macintosh; Intel Mac OS X 10_15_6) AppleWebKit/537.36 (KHTML, like Gecko) Chrome/84.0.4147.89 Safari/537.36"
::1 - - [21/Jul/2020:15:27:21 +0000] "GET /js/main.js HTTP/1.1" 200 519 "http://localhost:3000/" "Mozilla/5.0 (Macintosh; Intel Mac OS X 10_15_6) AppleWebKit/537.36 (KHTML, like Gecko) Chrome/84.0.4147.89 Safari/537.36"
::1 - - [21/Jul/2020:15:27:21 +0000] "GET /images/2020-07-06T06:41:52.847Z-00053-semois-au-pont-de-claies-de-laforet-aval.jpg HTTP/1.1" 200 143089 "http://localhost:3000/" "Mozilla/5.0 (Macintosh; Intel Mac OS X 10_15_6) AppleWebKit/537.36 (KHTML, like Gecko) Chrome/84.0.4147.89 Safari/537.36"
::1 - - [21/Jul/2020:15:27:21 +0000] "GET /images/2020-07-06T06:42:20.377Z-CroixEnfer10.JPG HTTP/1.1" 200 1028111 "http://localhost:3000/" "Mozilla/5.0 (Macintosh; Intel Mac OS X 10_15_6) AppleWebKit/537.36 (KHTML, like Gecko) Chrome/84.0.4147.89 Safari/537.36"
::1 - - [22/Jul/2020:05:35:56 +0000] "GET /products/5f02c7b07d8aee0dca3e38e3 HTTP/1.1" 304 - "http://localhost:3000/" "Mozilla/5.0 (Macintosh; Intel Mac OS X 10_15_6) AppleWebKit/537.36 (KHTML, like Gecko) Chrome/84.0.4147.89 Safari/537.36"
::1 - - [22/Jul/2020:05:35:56 +0000] "GET /css/main.css HTTP/1.1" 304 - "http://localhost:3000/products/5f02c7b07d8aee0dca3e38e3" "Mozilla/5.0 (Macintosh; Intel Mac OS X 10_15_6) AppleWebKit/537.36 (KHTML, like Gecko) Chrome/84.0.4147.89 Safari/537.36"
::1 - - [22/Jul/2020:05:35:56 +0000] "GET /images/2020-07-06T06:41:52.847Z-00053-semois-au-pont-de-claies-de-laforet-aval.jpg HTTP/1.1" 304 - "http://localhost:3000/products/5f02c7b07d8aee0dca3e38e3" "Mozilla/5.0 (Macintosh; Intel Mac OS X 10_15_6) AppleWebKit/537.36 (KHTML, like Gecko) Chrome/84.0.4147.89 Safari/537.36"
::1 - - [22/Jul/2020:05:35:56 +0000] "GET /js/main.js HTTP/1.1" 304 - "http://localhost:3000/products/5f02c7b07d8aee0dca3e38e3" "Mozilla/5.0 (Macintosh; Intel Mac OS X 10_15_6) AppleWebKit/537.36 (KHTML, like Gecko) Chrome/84.0.4147.89 Safari/537.36"
::1 - - [22/Jul/2020:05:36:52 +0000] "GET /products/5f02c7b07d8aee0dca3e38e3 HTTP/1.1" 200 - "http://localhost:3000/" "Mozilla/5.0 (Macintosh; Intel Mac OS X 10_15_6) AppleWebKit/537.36 (KHTML, like Gecko) Chrome/84.0.4147.89 Safari/537.36"
::1 - - [22/Jul/2020:05:36:52 +0000] "GET /css/main.css HTTP/1.1" 304 - "http://localhost:3000/products/5f02c7b07d8aee0dca3e38e3" "Mozilla/5.0 (Macintosh; Intel Mac OS X 10_15_6) AppleWebKit/537.36 (KHTML, like Gecko) Chrome/84.0.4147.89 Safari/537.36"
::1 - - [22/Jul/2020:05:36:52 +0000] "GET /images/2020-07-06T06:41:52.847Z-00053-semois-au-pont-de-claies-de-laforet-aval.jpg HTTP/1.1" 304 - "http://localhost:3000/products/5f02c7b07d8aee0dca3e38e3" "Mozilla/5.0 (Macintosh; Intel Mac OS X 10_15_6) AppleWebKit/537.36 (KHTML, like Gecko) Chrome/84.0.4147.89 Safari/537.36"
::1 - - [22/Jul/2020:05:36:52 +0000] "GET /js/main.js HTTP/1.1" 304 - "http://localhost:3000/products/5f02c7b07d8aee0dca3e38e3" "Mozilla/5.0 (Macintosh; Intel Mac OS X 10_15_6) AppleWebKit/537.36 (KHTML, like Gecko) Chrome/84.0.4147.89 Safari/537.36"
::1 - - [22/Jul/2020:05:37:07 +0000] "GET /products/5f02c7b07d8aee0dca3e38e3 HTTP/1.1" 200 - "http://localhost:3000/" "Mozilla/5.0 (Macintosh; Intel Mac OS X 10_15_6) AppleWebKit/537.36 (KHTML, like Gecko) Chrome/84.0.4147.89 Safari/537.36"
::1 - - [22/Jul/2020:05:37:07 +0000] "GET /css/main.css HTTP/1.1" 304 - "http://localhost:3000/products/5f02c7b07d8aee0dca3e38e3" "Mozilla/5.0 (Macintosh; Intel Mac OS X 10_15_6) AppleWebKit/537.36 (KHTML, like Gecko) Chrome/84.0.4147.89 Safari/537.36"
::1 - - [22/Jul/2020:05:37:07 +0000] "GET /images/2020-07-06T06:41:52.847Z-00053-semois-au-pont-de-claies-de-laforet-aval.jpg HTTP/1.1" 304 - "http://localhost:3000/products/5f02c7b07d8aee0dca3e38e3" "Mozilla/5.0 (Macintosh; Intel Mac OS X 10_15_6) AppleWebKit/537.36 (KHTML, like Gecko) Chrome/84.0.4147.89 Safari/537.36"
::1 - - [22/Jul/2020:05:37:07 +0000] "GET /js/main.js HTTP/1.1" 304 - "http://localhost:3000/products/5f02c7b07d8aee0dca3e38e3" "Mozilla/5.0 (Macintosh; Intel Mac OS X 10_15_6) AppleWebKit/537.36 (KHTML, like Gecko) Chrome/84.0.4147.89 Safari/537.36"
::1 - - [22/Jul/2020:05:37:12 +0000] "GET /css/main.css HTTP/1.1" 304 - "http://localhost:3000/products/5f02c7b07d8aee0dca3e38e3" "Mozilla/5.0 (Macintosh; Intel Mac OS X 10_15_6) AppleWebKit/537.36 (KHTML, like Gecko) Chrome/84.0.4147.89 Safari/537.36"
::1 - - [22/Jul/2020:05:39:09 +0000] "GET /products/5f02c7b07d8aee0dca3e38e3 HTTP/1.1" 200 - "http://localhost:3000/" "Mozilla/5.0 (Macintosh; Intel Mac OS X 10_15_6) AppleWebKit/537.36 (KHTML, like Gecko) Chrome/84.0.4147.89 Safari/537.36"
::1 - - [22/Jul/2020:05:39:09 +0000] "GET /css/main.css HTTP/1.1" 200 - "http://localhost:3000/products/5f02c7b07d8aee0dca3e38e3" "Mozilla/5.0 (Macintosh; Intel Mac OS X 10_15_6) AppleWebKit/537.36 (KHTML, like Gecko) Chrome/84.0.4147.89 Safari/537.36"
::1 - - [22/Jul/2020:05:39:09 +0000] "GET /images/2020-07-06T06:41:52.847Z-00053-semois-au-pont-de-claies-de-laforet-aval.jpg HTTP/1.1" 200 143089 "http://localhost:3000/products/5f02c7b07d8aee0dca3e38e3" "Mozilla/5.0 (Macintosh; Intel Mac OS X 10_15_6) AppleWebKit/537.36 (KHTML, like Gecko) Chrome/84.0.4147.89 Safari/537.36"
::1 - - [22/Jul/2020:05:39:09 +0000] "GET /js/main.js HTTP/1.1" 200 519 "http://localhost:3000/products/5f02c7b07d8aee0dca3e38e3" "Mozilla/5.0 (Macintosh; Intel Mac OS X 10_15_6) AppleWebKit/537.36 (KHTML, like Gecko) Chrome/84.0.4147.89 Safari/537.36"
::1 - - [22/Jul/2020:05:39:15 +0000] "GET / HTTP/1.1" 200 - "http://localhost:3000/products/5f02c7b07d8aee0dca3e38e3" "Mozilla/5.0 (Macintosh; Intel Mac OS X 10_15_6) AppleWebKit/537.36 (KHTML, like Gecko) Chrome/84.0.4147.89 Safari/537.36"
::1 - - [22/Jul/2020:05:39:15 +0000] "GET /css/product.css HTTP/1.1" 200 353 "http://localhost:3000/" "Mozilla/5.0 (Macintosh; Intel Mac OS X 10_15_6) AppleWebKit/537.36 (KHTML, like Gecko) Chrome/84.0.4147.89 Safari/537.36"
::1 - - [22/Jul/2020:05:39:15 +0000] "GET /css/main.css HTTP/1.1" 200 - "http://localhost:3000/" "Mozilla/5.0 (Macintosh; Intel Mac OS X 10_15_6) AppleWebKit/537.36 (KHTML, like Gecko) Chrome/84.0.4147.89 Safari/537.36"
::1 - - [22/Jul/2020:05:39:15 +0000] "GET /js/main.js HTTP/1.1" 200 519 "http://localhost:3000/" "Mozilla/5.0 (Macintosh; Intel Mac OS X 10_15_6) AppleWebKit/537.36 (KHTML, like Gecko) Chrome/84.0.4147.89 Safari/537.36"
::1 - - [22/Jul/2020:05:39:15 +0000] "GET /images/2020-07-06T06:41:52.847Z-00053-semois-au-pont-de-claies-de-laforet-aval.jpg HTTP/1.1" 200 143089 "http://localhost:3000/" "Mozilla/5.0 (Macintosh; Intel Mac OS X 10_15_6) AppleWebKit/537.36 (KHTML, like Gecko) Chrome/84.0.4147.89 Safari/537.36"
::1 - - [22/Jul/2020:05:39:15 +0000] "GET /images/2020-07-06T06:42:20.377Z-CroixEnfer10.JPG HTTP/1.1" 200 1028111 "http://localhost:3000/" "Mozilla/5.0 (Macintosh; Intel Mac OS X 10_15_6) AppleWebKit/537.36 (KHTML, like Gecko) Chrome/84.0.4147.89 Safari/537.36"
::1 - - [22/Jul/2020:05:39:19 +0000] "GET /products/5f02c7b07d8aee0dca3e38e3 HTTP/1.1" 200 - "http://localhost:3000/" "Mozilla/5.0 (Macintosh; Intel Mac OS X 10_15_6) AppleWebKit/537.36 (KHTML, like Gecko) Chrome/84.0.4147.89 Safari/537.36"
::1 - - [22/Jul/2020:05:39:19 +0000] "GET /css/main.css HTTP/1.1" 200 - "http://localhost:3000/products/5f02c7b07d8aee0dca3e38e3" "Mozilla/5.0 (Macintosh; Intel Mac OS X 10_15_6) AppleWebKit/537.36 (KHTML, like Gecko) Chrome/84.0.4147.89 Safari/537.36"
::1 - - [22/Jul/2020:05:39:19 +0000] "GET /images/2020-07-06T06:41:52.847Z-00053-semois-au-pont-de-claies-de-laforet-aval.jpg HTTP/1.1" 200 143089 "http://localhost:3000/products/5f02c7b07d8aee0dca3e38e3" "Mozilla/5.0 (Macintosh; Intel Mac OS X 10_15_6) AppleWebKit/537.36 (KHTML, like Gecko) Chrome/84.0.4147.89 Safari/537.36"
::1 - - [22/Jul/2020:05:39:19 +0000] "GET /js/main.js HTTP/1.1" 200 519 "http://localhost:3000/products/5f02c7b07d8aee0dca3e38e3" "Mozilla/5.0 (Macintosh; Intel Mac OS X 10_15_6) AppleWebKit/537.36 (KHTML, like Gecko) Chrome/84.0.4147.89 Safari/537.36"
::1 - - [22/Jul/2020:05:39:34 +0000] "GET /products/5f02c7b07d8aee0dca3e38e3 HTTP/1.1" 200 - "http://localhost:3000/" "Mozilla/5.0 (Macintosh; Intel Mac OS X 10_15_6) AppleWebKit/537.36 (KHTML, like Gecko) Chrome/84.0.4147.89 Safari/537.36"
::1 - - [22/Jul/2020:05:39:34 +0000] "GET /css/main.css HTTP/1.1" 200 - "http://localhost:3000/products/5f02c7b07d8aee0dca3e38e3" "Mozilla/5.0 (Macintosh; Intel Mac OS X 10_15_6) AppleWebKit/537.36 (KHTML, like Gecko) Chrome/84.0.4147.89 Safari/537.36"
::1 - - [22/Jul/2020:05:39:34 +0000] "GET /images/2020-07-06T06:41:52.847Z-00053-semois-au-pont-de-claies-de-laforet-aval.jpg HTTP/1.1" 200 143089 "http://localhost:3000/products/5f02c7b07d8aee0dca3e38e3" "Mozilla/5.0 (Macintosh; Intel Mac OS X 10_15_6) AppleWebKit/537.36 (KHTML, like Gecko) Chrome/84.0.4147.89 Safari/537.36"
::1 - - [22/Jul/2020:05:39:34 +0000] "GET /js/main.js HTTP/1.1" 200 519 "http://localhost:3000/products/5f02c7b07d8aee0dca3e38e3" "Mozilla/5.0 (Macintosh; Intel Mac OS X 10_15_6) AppleWebKit/537.36 (KHTML, like Gecko) Chrome/84.0.4147.89 Safari/537.36"
